<?xml version="1.0" encoding="UTF-8"?>
<!-- Generated by org.testng.reporters.JUnitReportReporter -->
<testsuite hostname="LAPTOP-AG5E0IRO" failures="0" tests="4" name="myFramweork.TestNGdemo" time="3.060" errors="0" timestamp="2021-07-06T20:53:22 IST" skipped="3">
  <testcase classname="myFramweork.TestNGdemo" name="fbLogin" time="3.060"/>
  <system-out/>
  <testcase classname="myFramweork.TestNGdemo" name="verifymicbtnk">
    <skipped/>
  </testcase> <!-- verifymicbtnk -->
  <system-out/>
  <testcase classname="myFramweork.TestNGdemo" name="verifySearchBtn">
    <skipped/>
  </testcase> <!-- verifySearchBtn -->
  <system-out/>
  <testcase classname="myFramweork.TestNGdemo" name="GmailLogin">
    <skipped/>
  </testcase> <!-- GmailLogin -->
  <system-out/>
</testsuite> <!-- myFramweork.TestNGdemo -->
